# JRE version: Java(TM) SE Runtime Environment (8.0_261-b12) (build 1.8.0_261-b12)
# Java VM: Java HotSpot(TM) 64-Bit Server VM (25.261-b12 mixed mode windows-amd64 compressed oops)
Heap:
 PSYoungGen      total 548352K, used 103844K [0x00000000d6380000, 0x00000000fc480000, 0x0000000100000000)
  eden space 527360K, 15% used [0x00000000d6380000,0x00000000db46a688,0x00000000f6680000)
  from space 20992K, 99% used [0x00000000fb000000,0x00000000fc47ea90,0x00000000fc480000)
  to   space 30720K, 0% used [0x00000000f8880000,0x00000000f8880000,0x00000000fa680000)
 ParOldGen       total 142848K, used 72776K [0x0000000082a00000, 0x000000008b580000, 0x00000000d6380000)
  object space 142848K, 50% used [0x0000000082a00000,0x00000000871121e0,0x000000008b580000)
 Metaspace       used 72650K, capacity 75047K, committed 75264K, reserved 1116160K
  class space    used 8473K, capacity 8898K, committed 8960K, reserved 1048576K
GC Heap History (10 events):
Event: 14.414 GC heap before
{Heap before GC invocations=13 (full 2):
 PSYoungGen      total 325632K, used 306176K [0x00000000d6380000, 0x00000000eb880000, 0x0000000100000000)
  eden space 306176K, 100% used [0x00000000d6380000,0x00000000e8e80000,0x00000000e8e80000)
  from space 19456K, 0% used [0x00000000ea100000,0x00000000ea100000,0x00000000eb400000)
  to   space 18944K, 0% used [0x00000000e8e80000,0x00000000e8e80000,0x00000000ea100000)
 ParOldGen       total 91648K, used 25938K [0x0000000082a00000, 0x0000000088380000, 0x00000000d6380000)
  object space 91648K, 28% used [0x0000000082a00000,0x0000000084354800,0x0000000088380000)
 Metaspace       used 46881K, capacity 48378K, committed 48768K, reserved 1091584K
  class space    used 5881K, capacity 6171K, committed 6272K, reserved 1048576K
Event: 14.435 GC heap after
Heap after GC invocations=13 (full 2):
 PSYoungGen      total 325120K, used 18931K [0x00000000d6380000, 0x00000000f2d00000, 0x0000000100000000)
  eden space 306176K, 0% used [0x00000000d6380000,0x00000000d6380000,0x00000000e8e80000)
  from space 18944K, 99% used [0x00000000e8e80000,0x00000000ea0fcf10,0x00000000ea100000)
  to   space 22016K, 0% used [0x00000000f1780000,0x00000000f1780000,0x00000000f2d00000)
 ParOldGen       total 91648K, used 28470K [0x0000000082a00000, 0x0000000088380000, 0x00000000d6380000)
  object space 91648K, 31% used [0x0000000082a00000,0x00000000845cda48,0x0000000088380000)
 Metaspace       used 46881K, capacity 48378K, committed 48768K, reserved 1091584K
  class space    used 5881K, capacity 6171K, committed 6272K, reserved 1048576K
}
Event: 16.089 GC heap before
{Heap before GC invocations=14 (full 2):
 PSYoungGen      total 325120K, used 325107K [0x00000000d6380000, 0x00000000f2d00000, 0x0000000100000000)
  eden space 306176K, 100% used [0x00000000d6380000,0x00000000e8e80000,0x00000000e8e80000)
  from space 18944K, 99% used [0x00000000e8e80000,0x00000000ea0fcf10,0x00000000ea100000)
  to   space 22016K, 0% used [0x00000000f1780000,0x00000000f1780000,0x00000000f2d00000)
 ParOldGen       total 91648K, used 28470K [0x0000000082a00000, 0x0000000088380000, 0x00000000d6380000)
  object space 91648K, 31% used [0x0000000082a00000,0x00000000845cda48,0x0000000088380000)
 Metaspace       used 53421K, capacity 55120K, committed 55168K, reserved 1097728K
  class space    used 6161K, capacity 6516K, committed 6528K, reserved 1048576K
Event: 16.115 GC heap after
Heap after GC invocations=14 (full 2):
 PSYoungGen      total 442368K, used 11898K [0x00000000d6380000, 0x00000000f2a80000, 0x0000000100000000)
  eden space 422912K, 0% used [0x00000000d6380000,0x00000000d6380000,0x00000000f0080000)
  from space 19456K, 61% used [0x00000000f1780000,0x00000000f231ea88,0x00000000f2a80000)
  to   space 21504K, 0% used [0x00000000f0080000,0x00000000f0080000,0x00000000f1580000)
 ParOldGen       total 91648K, used 42274K [0x0000000082a00000, 0x0000000088380000, 0x00000000d6380000)
  object space 91648K, 46% used [0x0000000082a00000,0x0000000085348930,0x0000000088380000)
 Metaspace       used 53421K, capacity 55120K, committed 55168K, reserved 1097728K
  class space    used 6161K, capacity 6516K, committed 6528K, reserved 1048576K
}
Event: 17.481 GC heap before
{Heap before GC invocations=15 (full 2):
 PSYoungGen      total 442368K, used 206895K [0x00000000d6380000, 0x00000000f2a80000, 0x0000000100000000)
  eden space 422912K, 46% used [0x00000000d6380000,0x00000000e21ed1e8,0x00000000f0080000)
  from space 19456K, 61% used [0x00000000f1780000,0x00000000f231ea88,0x00000000f2a80000)
  to   space 21504K, 0% used [0x00000000f0080000,0x00000000f0080000,0x00000000f1580000)
 ParOldGen       total 91648K, used 42274K [0x0000000082a00000, 0x0000000088380000, 0x00000000d6380000)
  object space 91648K, 46% used [0x0000000082a00000,0x0000000085348930,0x0000000088380000)
 Metaspace       used 57254K, capacity 59034K, committed 59160K, reserved 1101824K
  class space    used 6591K, capacity 6965K, committed 7040K, reserved 1048576K
Event: 17.503 GC heap after
Heap after GC invocations=15 (full 2):
 PSYoungGen      total 444416K, used 7851K [0x00000000d6380000, 0x00000000fc480000, 0x0000000100000000)
  eden space 422912K, 0% used [0x00000000d6380000,0x00000000d6380000,0x00000000f0080000)
  from space 21504K, 36% used [0x00000000f0080000,0x00000000f082aea8,0x00000000f1580000)
  to   space 20992K, 0% used [0x00000000fb000000,0x00000000fb000000,0x00000000fc480000)
 ParOldGen       total 91648K, used 52942K [0x0000000082a00000, 0x0000000088380000, 0x00000000d6380000)
  object space 91648K, 57% used [0x0000000082a00000,0x0000000085db39b0,0x0000000088380000)
 Metaspace       used 57254K, capacity 59034K, committed 59160K, reserved 1101824K
  class space    used 6591K, capacity 6965K, committed 7040K, reserved 1048576K
}
Event: 17.503 GC heap before
{Heap before GC invocations=16 (full 3):
 PSYoungGen      total 444416K, used 7851K [0x00000000d6380000, 0x00000000fc480000, 0x0000000100000000)
  eden space 422912K, 0% used [0x00000000d6380000,0x00000000d6380000,0x00000000f0080000)
  from space 21504K, 36% used [0x00000000f0080000,0x00000000f082aea8,0x00000000f1580000)
  to   space 20992K, 0% used [0x00000000fb000000,0x00000000fb000000,0x00000000fc480000)
 ParOldGen       total 91648K, used 52942K [0x0000000082a00000, 0x0000000088380000, 0x00000000d6380000)
  object space 91648K, 57% used [0x0000000082a00000,0x0000000085db39b0,0x0000000088380000)
 Metaspace       used 57254K, capacity 59034K, committed 59160K, reserved 1101824K
  class space    used 6591K, capacity 6965K, committed 7040K, reserved 1048576K
Event: 17.810 GC heap after
Heap after GC invocations=16 (full 3):
 PSYoungGen      total 444416K, used 0K [0x00000000d6380000, 0x00000000fc480000, 0x0000000100000000)
  eden space 422912K, 0% used [0x00000000d6380000,0x00000000d6380000,0x00000000f0080000)
  from space 21504K, 0% used [0x00000000f0080000,0x00000000f0080000,0x00000000f1580000)
  to   space 20992K, 0% used [0x00000000fb000000,0x00000000fb000000,0x00000000fc480000)
 ParOldGen       total 142848K, used 53637K [0x0000000082a00000, 0x000000008b580000, 0x00000000d6380000)
  object space 142848K, 37% used [0x0000000082a00000,0x0000000085e61528,0x000000008b580000)
 Metaspace       used 57254K, capacity 59034K, committed 59160K, reserved 1101824K
  class space    used 6591K, capacity 6965K, committed 7040K, reserved 1048576K
}
Event: 22.400 GC heap before
{Heap before GC invocations=17 (full 3):
 PSYoungGen      total 444416K, used 422912K [0x00000000d6380000, 0x00000000fc480000, 0x0000000100000000)
  eden space 422912K, 100% used [0x00000000d6380000,0x00000000f0080000,0x00000000f0080000)
  from space 21504K, 0% used [0x00000000f0080000,0x00000000f0080000,0x00000000f1580000)
  to   space 20992K, 0% used [0x00000000fb000000,0x00000000fb000000,0x00000000fc480000)
 ParOldGen       total 142848K, used 53637K [0x0000000082a00000, 0x000000008b580000, 0x00000000d6380000)
  object space 142848K, 37% used [0x0000000082a00000,0x0000000085e61528,0x000000008b580000)
 Metaspace       used 71006K, capacity 73416K, committed 73472K, reserved 1114112K
  class space    used 8267K, capacity 8701K, committed 8704K, reserved 1048576K
Event: 22.448 GC heap after
Heap after GC invocations=17 (full 3):
 PSYoungGen      total 548352K, used 20986K [0x00000000d6380000, 0x00000000fc480000, 0x0000000100000000)
  eden space 527360K, 0% used [0x00000000d6380000,0x00000000d6380000,0x00000000f6680000)
  from space 20992K, 99% used [0x00000000fb000000,0x00000000fc47ea90,0x00000000fc480000)
  to   space 30720K, 0% used [0x00000000f8880000,0x00000000f8880000,0x00000000fa680000)
 ParOldGen       total 142848K, used 72776K [0x0000000082a00000, 0x000000008b580000, 0x00000000d6380000)
  object space 142848K, 50% used [0x0000000082a00000,0x00000000871121e0,0x000000008b580000)
 Metaspace       used 71006K, capacity 73416K, committed 73472K, reserved 1114112K
  class space    used 8267K, capacity 8701K, committed 8704K, reserved 1048576K
}

