# JRE version: Java(TM) SE Runtime Environment (8.0_261-b12) (build 1.8.0_261-b12)
# Java VM: Java HotSpot(TM) 64-Bit Server VM (25.261-b12 mixed mode windows-amd64 compressed oops)
Heap:
 PSYoungGen      total 519680K, used 240441K [0x00000000d6380000, 0x00000000fbc80000, 0x0000000100000000)
  eden space 491008K, 43% used [0x00000000d6380000,0x00000000e3254808,0x00000000f4300000)
  from space 28672K, 99% used [0x00000000f4300000,0x00000000f5ef9c80,0x00000000f5f00000)
  to   space 38912K, 0% used [0x00000000f9680000,0x00000000f9680000,0x00000000fbc80000)
 ParOldGen       total 152576K, used 86235K [0x0000000082a00000, 0x000000008bf00000, 0x00000000d6380000)
  object space 152576K, 56% used [0x0000000082a00000,0x0000000087e36e88,0x000000008bf00000)
 Metaspace       used 77036K, capacity 79657K, committed 79744K, reserved 1120256K
  class space    used 9054K, capacity 9549K, committed 9600K, reserved 1048576K
GC Heap History (10 events):
Event: 11.035 GC heap before
{Heap before GC invocations=14 (full 2):
 PSYoungGen      total 306688K, used 306673K [0x00000000d6380000, 0x00000000f0600000, 0x0000000100000000)
  eden space 288256K, 100% used [0x00000000d6380000,0x00000000e7d00000,0x00000000e7d00000)
  from space 18432K, 99% used [0x00000000e7d00000,0x00000000e8efc428,0x00000000e8f00000)
  to   space 22016K, 0% used [0x00000000ef080000,0x00000000ef080000,0x00000000f0600000)
 ParOldGen       total 98304K, used 28374K [0x0000000082a00000, 0x0000000088a00000, 0x00000000d6380000)
  object space 98304K, 28% used [0x0000000082a00000,0x00000000845b5908,0x0000000088a00000)
 Metaspace       used 52690K, capacity 54452K, committed 54656K, reserved 1097728K
  class space    used 6128K, capacity 6474K, committed 6528K, reserved 1048576K
Event: 11.052 GC heap after
Heap after GC invocations=14 (full 2):
 PSYoungGen      total 401408K, used 10910K [0x00000000d6380000, 0x00000000f0280000, 0x0000000100000000)
  eden space 382976K, 0% used [0x00000000d6380000,0x00000000d6380000,0x00000000ed980000)
  from space 18432K, 59% used [0x00000000ef080000,0x00000000efb27948,0x00000000f0280000)
  to   space 20992K, 0% used [0x00000000ed980000,0x00000000ed980000,0x00000000eee00000)
 ParOldGen       total 98304K, used 41578K [0x0000000082a00000, 0x0000000088a00000, 0x00000000d6380000)
  object space 98304K, 42% used [0x0000000082a00000,0x000000008529aab8,0x0000000088a00000)
 Metaspace       used 52690K, capacity 54452K, committed 54656K, reserved 1097728K
  class space    used 6128K, capacity 6474K, committed 6528K, reserved 1048576K
}
Event: 12.145 GC heap before
{Heap before GC invocations=15 (full 2):
 PSYoungGen      total 401408K, used 243595K [0x00000000d6380000, 0x00000000f0280000, 0x0000000100000000)
  eden space 382976K, 60% used [0x00000000d6380000,0x00000000e46bb608,0x00000000ed980000)
  from space 18432K, 59% used [0x00000000ef080000,0x00000000efb27948,0x00000000f0280000)
  to   space 20992K, 0% used [0x00000000ed980000,0x00000000ed980000,0x00000000eee00000)
 ParOldGen       total 98304K, used 41578K [0x0000000082a00000, 0x0000000088a00000, 0x00000000d6380000)
  object space 98304K, 42% used [0x0000000082a00000,0x000000008529aab8,0x0000000088a00000)
 Metaspace       used 57195K, capacity 59046K, committed 59160K, reserved 1101824K
  class space    used 6587K, capacity 6967K, committed 7040K, reserved 1048576K
Event: 12.163 GC heap after
Heap after GC invocations=15 (full 2):
 PSYoungGen      total 403968K, used 9629K [0x00000000d6380000, 0x00000000f7b00000, 0x0000000100000000)
  eden space 382976K, 0% used [0x00000000d6380000,0x00000000d6380000,0x00000000ed980000)
  from space 20992K, 45% used [0x00000000ed980000,0x00000000ee2e7428,0x00000000eee00000)
  to   space 19968K, 0% used [0x00000000f6780000,0x00000000f6780000,0x00000000f7b00000)
 ParOldGen       total 98304K, used 51154K [0x0000000082a00000, 0x0000000088a00000, 0x00000000d6380000)
  object space 98304K, 52% used [0x0000000082a00000,0x0000000085bf4ad8,0x0000000088a00000)
 Metaspace       used 57195K, capacity 59046K, committed 59160K, reserved 1101824K
  class space    used 6587K, capacity 6967K, committed 7040K, reserved 1048576K
}
Event: 12.163 GC heap before
{Heap before GC invocations=16 (full 3):
 PSYoungGen      total 403968K, used 9629K [0x00000000d6380000, 0x00000000f7b00000, 0x0000000100000000)
  eden space 382976K, 0% used [0x00000000d6380000,0x00000000d6380000,0x00000000ed980000)
  from space 20992K, 45% used [0x00000000ed980000,0x00000000ee2e7428,0x00000000eee00000)
  to   space 19968K, 0% used [0x00000000f6780000,0x00000000f6780000,0x00000000f7b00000)
 ParOldGen       total 98304K, used 51154K [0x0000000082a00000, 0x0000000088a00000, 0x00000000d6380000)
  object space 98304K, 52% used [0x0000000082a00000,0x0000000085bf4ad8,0x0000000088a00000)
 Metaspace       used 57195K, capacity 59046K, committed 59160K, reserved 1101824K
  class space    used 6587K, capacity 6967K, committed 7040K, reserved 1048576K
Event: 12.421 GC heap after
Heap after GC invocations=16 (full 3):
 PSYoungGen      total 403968K, used 0K [0x00000000d6380000, 0x00000000f7b00000, 0x0000000100000000)
  eden space 382976K, 0% used [0x00000000d6380000,0x00000000d6380000,0x00000000ed980000)
  from space 20992K, 0% used [0x00000000ed980000,0x00000000ed980000,0x00000000eee00000)
  to   space 19968K, 0% used [0x00000000f6780000,0x00000000f6780000,0x00000000f7b00000)
 ParOldGen       total 152576K, used 53714K [0x0000000082a00000, 0x000000008bf00000, 0x00000000d6380000)
  object space 152576K, 35% used [0x0000000082a00000,0x0000000085e74928,0x000000008bf00000)
 Metaspace       used 57195K, capacity 59046K, committed 59160K, reserved 1101824K
  class space    used 6587K, capacity 6967K, committed 7040K, reserved 1048576K
}
Event: 35.260 GC heap before
{Heap before GC invocations=17 (full 3):
 PSYoungGen      total 403968K, used 382976K [0x00000000d6380000, 0x00000000f7b00000, 0x0000000100000000)
  eden space 382976K, 100% used [0x00000000d6380000,0x00000000ed980000,0x00000000ed980000)
  from space 20992K, 0% used [0x00000000ed980000,0x00000000ed980000,0x00000000eee00000)
  to   space 19968K, 0% used [0x00000000f6780000,0x00000000f6780000,0x00000000f7b00000)
 ParOldGen       total 152576K, used 53714K [0x0000000082a00000, 0x000000008bf00000, 0x00000000d6380000)
  object space 152576K, 35% used [0x0000000082a00000,0x0000000085e74928,0x000000008bf00000)
 Metaspace       used 69284K, capacity 71700K, committed 71808K, reserved 1112064K
  class space    used 8080K, capacity 8525K, committed 8576K, reserved 1048576K
Event: 35.293 GC heap after
Heap after GC invocations=17 (full 3):
 PSYoungGen      total 477184K, used 19951K [0x00000000d6380000, 0x00000000f7b00000, 0x0000000100000000)
  eden space 457216K, 0% used [0x00000000d6380000,0x00000000d6380000,0x00000000f2200000)
  from space 19968K, 99% used [0x00000000f6780000,0x00000000f7afbd30,0x00000000f7b00000)
  to   space 28672K, 0% used [0x00000000f4300000,0x00000000f4300000,0x00000000f5f00000)
 ParOldGen       total 152576K, used 70267K [0x0000000082a00000, 0x000000008bf00000, 0x00000000d6380000)
  object space 152576K, 46% used [0x0000000082a00000,0x0000000086e9ef28,0x000000008bf00000)
 Metaspace       used 69284K, capacity 71700K, committed 71808K, reserved 1112064K
  class space    used 8080K, capacity 8525K, committed 8576K, reserved 1048576K
}
Event: 44.988 GC heap before
{Heap before GC invocations=18 (full 3):
 PSYoungGen      total 477184K, used 477167K [0x00000000d6380000, 0x00000000f7b00000, 0x0000000100000000)
  eden space 457216K, 100% used [0x00000000d6380000,0x00000000f2200000,0x00000000f2200000)
  from space 19968K, 99% used [0x00000000f6780000,0x00000000f7afbd30,0x00000000f7b00000)
  to   space 28672K, 0% used [0x00000000f4300000,0x00000000f4300000,0x00000000f5f00000)
 ParOldGen       total 152576K, used 70267K [0x0000000082a00000, 0x000000008bf00000, 0x00000000d6380000)
  object space 152576K, 46% used [0x0000000082a00000,0x0000000086e9ef28,0x000000008bf00000)
 Metaspace       used 76726K, capacity 79249K, committed 79488K, reserved 1120256K
  class space    used 9012K, capacity 9497K, committed 9600K, reserved 1048576K
Event: 45.045 GC heap after
Heap after GC invocations=18 (full 3):
 PSYoungGen      total 519680K, used 28647K [0x00000000d6380000, 0x00000000fbc80000, 0x0000000100000000)
  eden space 491008K, 0% used [0x00000000d6380000,0x00000000d6380000,0x00000000f4300000)
  from space 28672K, 99% used [0x00000000f4300000,0x00000000f5ef9c80,0x00000000f5f00000)
  to   space 38912K, 0% used [0x00000000f9680000,0x00000000f9680000,0x00000000fbc80000)
 ParOldGen       total 152576K, used 86235K [0x0000000082a00000, 0x000000008bf00000, 0x00000000d6380000)
  object space 152576K, 56% used [0x0000000082a00000,0x0000000087e36e88,0x000000008bf00000)
 Metaspace       used 76726K, capacity 79249K, committed 79488K, reserved 1120256K
  class space    used 9012K, capacity 9497K, committed 9600K, reserved 1048576K
}

